INFO:     Started server process [9918]
INFO:     Waiting for application startup.
INFO:     Application startup complete.
INFO:     Uvicorn running on http://0.0.0.0:4567 (Press CTRL+C to quit)
Importing standard libraries...
Importing FastAPI and Pydantic...
Importing imaging and ML libraries...
Importing local modules...
Importing standard libraries for OCR...
Importing ML/AI libraries for OCR...
Importing image processing libraries for OCR...
Importing text and utility libraries for OCR...
Initializing application and loading models...
Loading Tesseract model...
[2025-12-21 11:30:50] Initializing PDFOCRProcessor...
Tesseract model loaded successfully.
Loading OLMOCR 2B model...
[2025-12-21 11:30:50] Initializing PDFOCRProcessor...
[2025-12-21 11:30:50] Loading OlmOCR 2B model...
[2025-12-21 11:30:50] OlmOCR 2B model loaded.
OLMOCR 2B model loaded successfully.
--------------------
Startup complete. Models loaded: ['tesseract', 'olmocr_2b']
--------------------
INFO:     127.0.0.1:38444 - "GET / HTTP/1.1" 200 OK
INFO:     127.0.0.1:38444 - "GET /style.css HTTP/1.1" 200 OK
INFO:     127.0.0.1:38452 - "GET /script.js HTTP/1.1" 200 OK
